SF:C:\git\BTModMerger\BTModMerger.Core\Applier.cs
FN:19,System.Void BTModMerger.Core.Applier::Apply(System.Xml.Linq.XElement,System.Xml.Linq.XContainer,System.Xml.Linq.XContainer,System.String)
FNDA:32,System.Void BTModMerger.Core.Applier::Apply(System.Xml.Linq.XElement,System.Xml.Linq.XContainer,System.Xml.Linq.XContainer,System.String)
DA:20,32
DA:22,12
DA:25,3
DA:26,3
DA:28,3
DA:30,26
DA:32,10
DA:33,10
DA:34,14
DA:35,9
DA:36,3
DA:37,0
DA:41,4
DA:42,4
DA:43,7
DA:45,12
DA:47,2
DA:48,2
DA:50,2
DA:51,0
DA:52,0
DA:53,0
DA:54,0
DA:55,0
DA:57,2
DA:58,2
DA:61,32
DA:63,12
DA:66,3
DA:67,3
DA:68,3
DA:69,3
DA:70,3
DA:71,3
DA:73,3
DA:75,3
DA:77,3
DA:78,3
DA:81,0
DA:84,4
DA:85,5
DA:86,4
DA:88,4
DA:90,18
DA:92,5
DA:94,4
DA:95,11
DA:96,4
DA:97,4
DA:100,22
DA:102,18
DA:104,6
DA:106,0
DA:107,0
DA:108,0
DA:109,0
DA:110,0
DA:111,0
DA:112,0
DA:115,6
DA:117,6
DA:118,6
DA:122,32
DA:124,12
DA:127,4
DA:128,4
DA:129,4
DA:130,4
DA:131,4
DA:132,4
DA:133,4
DA:135,4
DA:137,4
DA:138,4
DA:141,16
DA:142,4
DA:144,4
BRDA:20,414,1,12
BRDA:22,56,0,3
BRDA:30,389,1,10
BRDA:34,214,0,4
BRDA:34,214,1,6
BRDA:35,249,0,3
BRDA:35,249,1,3
BRDA:36,284,0,0
BRDA:36,284,1,13
BRDA:30,389,0,3
BRDA:22,56,1,16
BRDA:20,414,0,4
BRDA:45,738,1,2
BRDA:47,545,0,0
BRDA:47,545,1,2
BRDA:50,603,0,0
BRDA:50,603,1,2
BRDA:45,738,0,4
BRDA:61,1037,1,12
BRDA:63,819,0,3
BRDA:70,879,0,2
BRDA:70,879,1,1
BRDA:71,902,0,0
BRDA:71,902,1,3
BRDA:75,928,0,3
BRDA:75,928,1,0
BRDA:63,819,1,16
BRDA:61,1037,0,4
BRDA:90,1427,1,5
BRDA:92,1183,0,4
BRDA:92,1183,1,5
BRDA:100,1415,1,6
BRDA:102,1263,0,5
BRDA:102,1263,1,6
BRDA:104,1301,0,0
BRDA:104,1301,1,6
BRDA:100,1415,0,9
BRDA:90,1427,0,4
BRDA:122,1729,1,12
BRDA:124,1512,0,9
BRDA:124,1512,1,4
BRDA:124,1541,0,4
BRDA:129,1597,0,4
BRDA:129,1597,1,0
BRDA:130,1620,0,0
BRDA:130,1620,1,4
BRDA:135,1663,0,4
BRDA:135,1663,1,4
BRDA:141,1721,1,4
BRDA:124,1541,1,16
BRDA:141,1721,0,16
BRDA:122,1729,0,4
BRDA:28,17,0,0
BRDA:28,17,1,0
BRDA:57,17,0,0
BRDA:57,17,1,0
BRDA:77,17,0,0
BRDA:77,17,1,0
BRDA:137,17,0,0
BRDA:137,17,1,0
FN:147,System.ValueTuple`2<System.Xml.Linq.XContainer,System.Xml.Linq.XElement> BTModMerger.Core.Applier::GetTarget(System.String,System.Xml.Linq.XContainer,System.Xml.Linq.XContainer,System.String,System.Func`1<System.String>)
FNDA:12,System.ValueTuple`2<System.Xml.Linq.XContainer,System.Xml.Linq.XElement> BTModMerger.Core.Applier::GetTarget(System.String,System.Xml.Linq.XContainer,System.Xml.Linq.XContainer,System.String,System.Func`1<System.String>)
DA:148,12
DA:149,12
DA:151,12
DA:152,12
DA:154,94
DA:156,35
DA:157,35
DA:158,35
DA:160,35
DA:161,35
DA:162,35
DA:164,35
DA:166,0
DA:167,0
DA:168,0
DA:171,35
DA:173,35
DA:175,35
DA:176,0
DA:178,35
DA:180,35
DA:182,1
DA:183,1
DA:187,34
DA:188,34
DA:189,34
DA:190,0
DA:191,34
DA:192,102
DA:194,34
DA:195,34
DA:197,34
DA:199,30
DA:200,30
DA:205,4
DA:207,2
DA:208,2
DA:209,2
DA:212,4
DA:213,2
DA:216,2
DA:217,2
DA:220,4
DA:221,4
DA:226,35
DA:229,12
DA:230,0
DA:232,12
BRDA:151,14,0,12
BRDA:152,28,0,5
BRDA:152,28,1,12
BRDA:151,14,1,12
BRDA:154,550,1,35
BRDA:160,94,0,35
BRDA:160,94,1,0
BRDA:164,141,0,0
BRDA:164,160,0,0
BRDA:164,141,1,35
BRDA:164,160,1,35
BRDA:175,241,0,0
BRDA:175,241,1,35
BRDA:180,267,0,1
BRDA:180,267,1,34
BRDA:197,409,0,30
BRDA:197,409,1,4
BRDA:205,427,0,2
BRDA:205,436,0,2
BRDA:205,427,1,4
BRDA:205,436,1,4
BRDA:212,472,0,4
BRDA:212,491,0,2
BRDA:212,500,0,2
BRDA:212,472,1,2
BRDA:212,491,1,2
BRDA:212,500,1,2
BRDA:154,550,0,12
BRDA:229,556,0,0
BRDA:229,556,1,12
BRDA:168,12,0,0
BRDA:168,12,1,0
BRDA:168,23,0,0
BRDA:168,37,0,0
BRDA:168,37,1,0
BRDA:168,23,1,0
FN:11,System.Void BTModMerger.Core.Applier::.ctor(Microsoft.Extensions.Logging.ILogger`1<BTModMerger.Core.Applier>,BTModMerger.Core.BTMetadata)
FNDA:4,System.Void BTModMerger.Core.Applier::.ctor(Microsoft.Extensions.Logging.ILogger`1<BTModMerger.Core.Applier>,BTModMerger.Core.BTMetadata)
DA:12,4
DA:13,4
DA:14,4
DA:15,4
LF:129
LH:109
BRF:96
BRH:69
FNF:3
FNH:3
end_of_record
SF:C:\git\BTModMerger\BTModMerger.Core\BTMetadata.cs
FN:32,System.String[] BTModMerger.Core.BTMetadata::get_Indexed()
FNDA:36,System.String[] BTModMerger.Core.BTMetadata::get_Indexed()
DA:33,36
FN:33,System.String[] BTModMerger.Core.BTMetadata::get_Indexes()
FNDA:16,System.String[] BTModMerger.Core.BTMetadata::get_Indexes()
DA:34,16
FN:34,System.String[] BTModMerger.Core.BTMetadata::get_Tricky()
FNDA:53,System.String[] BTModMerger.Core.BTMetadata::get_Tricky()
DA:35,53
FN:35,System.String[] BTModMerger.Core.BTMetadata::get_IndexByFilename()
FNDA:20,System.String[] BTModMerger.Core.BTMetadata::get_IndexByFilename()
DA:36,20
FN:36,System.String[] BTModMerger.Core.BTMetadata::get_Partial()
FNDA:20,System.String[] BTModMerger.Core.BTMetadata::get_Partial()
DA:37,20
FN:37,BTModMerger.Core.BTMetadata/IdMapping[] BTModMerger.Core.BTMetadata::get_IdMappings()
FNDA:42,BTModMerger.Core.BTMetadata/IdMapping[] BTModMerger.Core.BTMetadata::get_IdMappings()
DA:38,42
FN:40,System.String BTModMerger.Core.BTMetadata::GetId(System.Xml.Linq.XElement)
FNDA:89,System.String BTModMerger.Core.BTMetadata::GetId(System.Xml.Linq.XElement)
DA:41,89
DA:42,89
DA:43,89
BRDA:41,29,0,82
BRDA:41,29,1,7
FN:46,BTModMerger.Core.BTMetadata BTModMerger.Core.BTMetadata::Load(System.Xml.Linq.XDocument)
FNDA:1,BTModMerger.Core.BTMetadata BTModMerger.Core.BTMetadata::Load(System.Xml.Linq.XDocument)
DA:47,1
DA:48,1
DA:50,1
DA:51,1
DA:52,1
DA:53,1
FN:56,BTModMerger.Core.BTMetadata BTModMerger.Core.BTMetadata::Load(System.String)
FNDA:2,BTModMerger.Core.BTMetadata BTModMerger.Core.BTMetadata::Load(System.String)
DA:57,2
DA:59,2
DA:61,1
DA:62,1
DA:63,1
DA:64,1
DA:65,1
DA:68,1
DA:69,1
DA:70,1
DA:71,1
DA:72,2
BRDA:59,22,0,1
BRDA:59,22,1,1
FN:80,System.Void BTModMerger.Core.BTMetadata::Prepare()
FNDA:3,System.Void BTModMerger.Core.BTMetadata::Prepare()
DA:81,3
DA:82,3
DA:83,3
FN:86,System.Void BTModMerger.Core.BTMetadata::ToLower()
FNDA:9,System.Void BTModMerger.Core.BTMetadata::ToLower()
DA:87,9
DA:88,9
DA:89,9
DA:90,9
DA:91,9
DA:92,3
DA:93,3
DA:94,4
DA:95,4
DA:96,4
DA:97,6
DA:98,4
DA:99,3
DA:100,3
DA:101,3
FN:104,System.Void BTModMerger.Core.BTMetadata::GenerateMappings()
FNDA:3,System.Void BTModMerger.Core.BTMetadata::GenerateMappings()
DA:105,3
DA:106,3
DA:107,3
DA:108,3
DA:109,4
DA:110,4
DA:111,3
DA:112,4
DA:113,4
DA:114,4
DA:115,4
DA:116,4
DA:117,15
DA:118,13
DA:119,6
DA:120,5
DA:121,4
DA:122,2
DA:123,4
DA:124,3
DA:125,3
DA:126,3
DA:127,3
BRDA:112,47,0,2
BRDA:112,47,1,2
BRDA:119,2,0,2
BRDA:119,2,1,6
BRDA:118,79,0,2
BRDA:118,79,1,3
FN:74,System.Void BTModMerger.Core.BTMetadata::.ctor()
FNDA:4,System.Void BTModMerger.Core.BTMetadata::.ctor()
DA:75,4
DA:77,8
FN:13,System.Void BTModMerger.Core.BTMetadata::.cctor()
FNDA:1,System.Void BTModMerger.Core.BTMetadata::.cctor()
DA:14,1
DA:15,1
DA:16,1
DA:17,1
DA:18,1
DA:19,1
DA:20,1
DA:21,1
DA:22,1
DA:23,1
DA:24,1
DA:25,1
DA:26,1
DA:27,1
DA:28,1
DA:29,1
DA:30,1
DA:31,1
FN:9,System.String BTModMerger.Core.BTMetadata/IdMapping::get_Element()
FNDA:43,System.String BTModMerger.Core.BTMetadata/IdMapping::get_Element()
DA:10,43
FN:10,System.String[] BTModMerger.Core.BTMetadata/IdMapping::get_Ids()
FNDA:37,System.String[] BTModMerger.Core.BTMetadata/IdMapping::get_Ids()
DA:11,37
LF:90
LH:90
BRF:10
BRH:10
FNF:16
FNH:16
end_of_record
SF:C:\git\BTModMerger\BTModMerger.Core\BTMMSchema.cs
FN:42,System.Xml.Linq.XElement BTModMerger.Core.BTMMSchema::RemoveElement(System.String)
FNDA:29,System.Xml.Linq.XElement BTModMerger.Core.BTMMSchema::RemoveElement(System.String)
DA:43,29
DA:44,29
DA:45,29
FN:48,System.Xml.Linq.XElement BTModMerger.Core.BTMMSchema::RemoveElement(System.String,System.Int32,System.Xml.Linq.XElement)
FNDA:2,System.Xml.Linq.XElement BTModMerger.Core.BTMMSchema::RemoveElement(System.String,System.Int32,System.Xml.Linq.XElement)
DA:49,2
DA:50,2
DA:51,2
DA:52,2
DA:53,4
DA:54,5
BRDA:53,40,0,2
BRDA:53,40,1,2
BRDA:54,56,0,1
BRDA:54,56,1,2
FN:57,System.Collections.Generic.IEnumerable`1<System.Xml.Linq.XElement> BTModMerger.Core.BTMMSchema::RemoveElements(System.Collections.Generic.IEnumerable`1<System.Xml.Linq.XElement>)
FNDA:0,System.Collections.Generic.IEnumerable`1<System.Xml.Linq.XElement> BTModMerger.Core.BTMMSchema::RemoveElements(System.Collections.Generic.IEnumerable`1<System.Xml.Linq.XElement>)
DA:58,0
DA:59,0
DA:60,0
DA:61,0
DA:62,0
FN:63,System.Collections.Generic.IEnumerable`1<System.Xml.Linq.XElement> BTModMerger.Core.BTMMSchema::RemoveElements(System.Xml.Linq.XElement[])
FNDA:0,System.Collections.Generic.IEnumerable`1<System.Xml.Linq.XElement> BTModMerger.Core.BTMMSchema::RemoveElements(System.Xml.Linq.XElement[])
DA:64,0
FN:65,System.Xml.Linq.XElement BTModMerger.Core.BTMMSchema::Into(System.String,System.Xml.Linq.XObject[])
FNDA:105,System.Xml.Linq.XElement BTModMerger.Core.BTMMSchema::Into(System.String,System.Xml.Linq.XObject[])
DA:66,105
FN:66,System.Xml.Linq.XElement BTModMerger.Core.BTMMSchema::Into(System.String,System.Collections.Generic.IEnumerable`1<System.Xml.Linq.XObject>)
FNDA:105,System.Xml.Linq.XElement BTModMerger.Core.BTMMSchema::Into(System.String,System.Collections.Generic.IEnumerable`1<System.Xml.Linq.XObject>)
DA:67,105
DA:68,105
DA:69,105
DA:70,105
FN:71,System.Collections.Generic.IEnumerable`1<System.Xml.Linq.XElement> BTModMerger.Core.BTMMSchema::AddElements(System.String,System.Xml.Linq.XElement[])
FNDA:0,System.Collections.Generic.IEnumerable`1<System.Xml.Linq.XElement> BTModMerger.Core.BTMMSchema::AddElements(System.String,System.Xml.Linq.XElement[])
DA:72,0
FN:73,System.Collections.Generic.IEnumerable`1<System.Xml.Linq.XElement> BTModMerger.Core.BTMMSchema::AddElements(System.String,System.Collections.Generic.IEnumerable`1<System.Xml.Linq.XElement>)
FNDA:1,System.Collections.Generic.IEnumerable`1<System.Xml.Linq.XElement> BTModMerger.Core.BTMMSchema::AddElements(System.String,System.Collections.Generic.IEnumerable`1<System.Xml.Linq.XElement>)
DA:74,1
DA:75,1
DA:76,1
DA:77,2
DA:78,2
DA:79,2
DA:80,2
DA:81,1
BRDA:78,18,0,2
BRDA:78,18,1,2
FN:84,System.Xml.Linq.XElement BTModMerger.Core.BTMMSchema::AddElements(System.String,System.Int32,System.Xml.Linq.XElement)
FNDA:3,System.Xml.Linq.XElement BTModMerger.Core.BTMMSchema::AddElements(System.String,System.Int32,System.Xml.Linq.XElement)
DA:85,3
DA:86,6
DA:87,3
DA:88,3
BRDA:86,13,0,3
BRDA:86,13,1,3
BRDA:87,29,0,0
BRDA:87,29,1,3
FN:90,System.Xml.Linq.XAttribute BTModMerger.Core.BTMMSchema::SetAttribute(System.String,System.String)
FNDA:3,System.Xml.Linq.XAttribute BTModMerger.Core.BTMMSchema::SetAttribute(System.String,System.String)
DA:91,3
BRDA:91,13,0,0
BRDA:91,13,1,3
FN:91,System.Xml.Linq.XAttribute BTModMerger.Core.BTMMSchema::RemoveAttribute(System.String)
FNDA:0,System.Xml.Linq.XAttribute BTModMerger.Core.BTMMSchema::RemoveAttribute(System.String)
DA:92,0
FN:93,System.Xml.Linq.XAttribute BTModMerger.Core.BTMMSchema::AmountAttribute(System.Int32)
FNDA:2,System.Xml.Linq.XAttribute BTModMerger.Core.BTMMSchema::AmountAttribute(System.Int32)
DA:94,2
FN:94,System.Xml.Linq.XAttribute BTModMerger.Core.BTMMSchema::PathAttribute(System.String)
FNDA:77,System.Xml.Linq.XAttribute BTModMerger.Core.BTMMSchema::PathAttribute(System.String)
DA:95,77
FN:95,System.Xml.Linq.XAttribute BTModMerger.Core.BTMMSchema::FileAttribute(System.String)
FNDA:2,System.Xml.Linq.XAttribute BTModMerger.Core.BTMMSchema::FileAttribute(System.String)
DA:96,2
FN:97,System.Xml.Linq.XElement BTModMerger.Core.BTMMSchema::UpdateAttributes()
FNDA:6,System.Xml.Linq.XElement BTModMerger.Core.BTMMSchema::UpdateAttributes()
DA:98,6
FN:100,System.Xml.Linq.XElement BTModMerger.Core.BTMMSchema::Diff(System.Object[])
FNDA:87,System.Xml.Linq.XElement BTModMerger.Core.BTMMSchema::Diff(System.Object[])
DA:101,87
DA:102,87
DA:103,87
DA:104,87
DA:105,87
DA:106,87
FN:108,System.Xml.Linq.XElement BTModMerger.Core.BTMMSchema::FusedBase(System.Object[])
FNDA:4,System.Xml.Linq.XElement BTModMerger.Core.BTMMSchema::FusedBase(System.Object[])
DA:109,4
DA:110,4
DA:111,4
DA:112,4
FN:7,System.Void BTModMerger.Core.BTMMSchema::.cctor()
FNDA:1,System.Void BTModMerger.Core.BTMMSchema::.cctor()
DA:8,1
DA:9,1
DA:11,1
DA:12,1
DA:14,1
DA:15,1
DA:17,1
DA:18,1
DA:19,1
DA:20,1
DA:21,1
DA:22,1
FN:25,System.Void BTModMerger.Core.BTMMSchema/Elements::.cctor()
FNDA:1,System.Void BTModMerger.Core.BTMMSchema/Elements::.cctor()
DA:26,1
DA:28,1
DA:29,1
DA:30,1
DA:31,1
DA:33,1
FN:37,System.Void BTModMerger.Core.BTMMSchema/Attributes::.cctor()
FNDA:1,System.Void BTModMerger.Core.BTMMSchema/Attributes::.cctor()
DA:38,1
DA:39,1
DA:40,1
LF:70
LH:62
BRF:12
BRH:10
FNF:20
FNH:16
end_of_record
SF:C:\git\BTModMerger\BTModMerger.Core\ConflictsFileInfo.cs
FN:2,System.IO.FileInfo BTModMerger.Core.ConflictsFileInfo::get_Path()
FNDA:0,System.IO.FileInfo BTModMerger.Core.ConflictsFileInfo::get_Path()
DA:3,0
LF:1
LH:0
BRF:0
BRH:0
FNF:1
FNH:0
end_of_record
SF:C:\git\BTModMerger\BTModMerger.Core\Delinearizer.cs
FN:11,System.Xml.Linq.XDocument BTModMerger.Core.Delinearizer::Apply(System.Xml.Linq.XDocument,System.String)
FNDA:4,System.Xml.Linq.XDocument BTModMerger.Core.Delinearizer::Apply(System.Xml.Linq.XDocument,System.String)
DA:12,4
DA:13,4
DA:14,4
DA:15,4
DA:16,3
FN:20,System.Void BTModMerger.Core.Delinearizer::Delinearize(System.Xml.Linq.XElement,System.Xml.Linq.XElement,System.String,System.String)
FNDA:15,System.Void BTModMerger.Core.Delinearizer::Delinearize(System.Xml.Linq.XElement,System.Xml.Linq.XElement,System.String,System.String)
DA:21,15
DA:23,15
DA:25,20
DA:26,6
DA:27,4
DA:30,11
DA:32,11
DA:34,5
DA:35,5
DA:38,6
DA:40,6
DA:41,6
DA:42,6
DA:44,52
DA:46,20
DA:47,14
DA:48,20
DA:50,20
DA:52,7
DA:53,7
DA:54,7
DA:57,20
DA:62,6
DA:64,12
DA:65,5
DA:70,5
DA:72,5
DA:73,5
DA:75,3
DA:76,3
DA:79,2
DA:81,5
DA:82,5
DA:85,16
DA:86,2
DA:87,6
DA:88,6
BRDA:23,30,0,4
BRDA:25,78,1,6
BRDA:25,78,0,4
BRDA:23,30,1,11
BRDA:32,108,0,5
BRDA:32,108,1,6
BRDA:44,271,1,20
BRDA:50,219,0,7
BRDA:50,219,1,20
BRDA:44,271,0,6
BRDA:62,290,0,1
BRDA:64,334,1,5
BRDA:64,334,0,1
BRDA:62,290,1,5
BRDA:72,377,0,4
BRDA:72,377,1,3
BRDA:72,395,0,3
BRDA:72,395,1,2
BRDA:85,501,1,2
BRDA:85,486,0,5
BRDA:85,486,1,6
BRDA:85,501,0,6
FN:91,System.Void BTModMerger.Core.Delinearizer::TryMoveAttributesToIntos(System.Xml.Linq.XElement,System.String)
FNDA:19,System.Void BTModMerger.Core.Delinearizer::TryMoveAttributesToIntos(System.Xml.Linq.XElement,System.String)
DA:92,19
DA:94,19
DA:95,27
DA:96,19
DA:98,19
DA:100,47
DA:101,15
DA:102,8
DA:105,10
DA:107,3
DA:109,3
DA:110,1
DA:112,2
DA:113,2
DA:114,2
DA:116,12
DA:118,4
DA:121,4
DA:123,2
DA:125,2
DA:126,2
DA:130,2
DA:131,2
DA:132,2
DA:134,7
BRDA:95,41,0,8
BRDA:95,41,1,19
BRDA:98,109,0,15
BRDA:98,109,1,9
BRDA:98,127,0,9
BRDA:100,167,1,15
BRDA:100,167,0,8
BRDA:98,127,1,10
BRDA:105,186,0,3
BRDA:109,208,0,1
BRDA:109,208,1,2
BRDA:116,398,1,4
BRDA:118,318,0,2
BRDA:123,344,0,2
BRDA:118,318,1,4
BRDA:123,344,1,4
BRDA:116,398,0,2
BRDA:130,412,0,2
BRDA:130,412,1,2
BRDA:105,186,1,7
LF:67
LH:67
BRF:42
BRH:42
FNF:3
FNH:3
end_of_record
SF:C:\git\BTModMerger\BTModMerger.Core\Differ.cs
FN:19,System.Xml.Linq.XDocument BTModMerger.Core.Differ::Apply(System.Xml.Linq.XDocument,System.String,System.Xml.Linq.XDocument,System.String,System.Boolean)
FNDA:9,System.Xml.Linq.XDocument BTModMerger.Core.Differ::Apply(System.Xml.Linq.XDocument,System.String,System.Xml.Linq.XDocument,System.String,System.Boolean)
DA:20,9
DA:21,9
DA:23,9
DA:24,1
DA:25,8
DA:26,1
DA:28,7
DA:29,0
DA:31,7
DA:32,0
DA:34,7
DA:35,7
DA:36,7
DA:37,7
BRDA:23,15,0,1
BRDA:23,15,1,8
BRDA:25,35,0,1
BRDA:25,35,1,7
BRDA:28,61,0,0
BRDA:28,81,0,0
BRDA:28,61,1,7
BRDA:28,81,1,7
BRDA:31,112,0,1
BRDA:31,120,0,1
BRDA:31,138,0,0
BRDA:31,112,1,7
BRDA:31,120,1,7
BRDA:31,138,1,7
FN:41,System.Void BTModMerger.Core.Differ::SewageDisposal(System.Collections.Generic.List`1<System.ValueTuple`4<System.Xml.Linq.XElement,System.Xml.Linq.XElement,System.Boolean,System.String>>)
FNDA:54,System.Void BTModMerger.Core.Differ::SewageDisposal(System.Collections.Generic.List`1<System.ValueTuple`4<System.Xml.Linq.XElement,System.Xml.Linq.XElement,System.Boolean,System.String>>)
DA:42,54
DA:44,13
DA:46,13
DA:48,2
DA:49,4
DA:50,2
DA:53,14
BRDA:42,108,1,13
BRDA:46,55,0,2
BRDA:46,55,1,13
BRDA:42,108,0,14
FN:56,System.ValueTuple`2<System.Xml.Linq.XElement,System.String> BTModMerger.Core.Differ::FindBaseItem(System.Xml.Linq.XElement,System.Xml.Linq.XElement,System.Xml.Linq.XElement,System.String)
FNDA:17,System.ValueTuple`2<System.Xml.Linq.XElement,System.String> BTModMerger.Core.Differ::FindBaseItem(System.Xml.Linq.XElement,System.Xml.Linq.XElement,System.Xml.Linq.XElement,System.String)
DA:57,17
DA:58,17
DA:59,17
DA:61,17
DA:62,21
DA:64,17
DA:66,17
DA:68,12
DA:69,8
DA:72,17
DA:74,0
DA:75,0
DA:76,0
DA:79,17
DA:80,17
DA:82,17
DA:83,0
DA:85,17
BRDA:62,71,0,17
BRDA:62,79,0,9
BRDA:62,79,1,17
BRDA:62,85,0,17
BRDA:62,93,0,8
BRDA:62,93,1,9
BRDA:62,71,1,0
BRDA:62,85,1,0
BRDA:66,131,0,8
BRDA:66,131,1,17
BRDA:72,176,0,0
BRDA:75,195,0,0
BRDA:72,176,1,17
BRDA:75,195,1,17
BRDA:82,250,0,9
BRDA:82,250,1,17
BRDA:82,254,0,17
BRDA:82,262,0,0
BRDA:82,282,0,0
BRDA:82,254,1,0
BRDA:82,296,0,0
BRDA:82,262,1,17
BRDA:82,282,1,17
BRDA:82,296,1,17
FN:89,System.String BTModMerger.Core.Differ::FormPath(System.String,System.String,System.Int32,System.String)
FNDA:21,System.String BTModMerger.Core.Differ::FormPath(System.String,System.String,System.Int32,System.String)
DA:90,21
DA:91,29
DA:92,21
DA:93,21
BRDA:90,6,0,4
BRDA:90,6,1,17
BRDA:91,30,0,8
BRDA:91,30,1,21
BRDA:92,52,0,0
BRDA:92,52,1,21
FN:97,System.String BTModMerger.Core.Differ::MakeChildPath(System.Xml.Linq.XElement,System.Xml.Linq.XElement)
FNDA:5,System.String BTModMerger.Core.Differ::MakeChildPath(System.Xml.Linq.XElement,System.Xml.Linq.XElement)
DA:98,5
DA:99,5
DA:100,16
DA:101,5
DA:102,9
DA:103,7
DA:104,5
BRDA:101,82,0,3
BRDA:101,82,1,2
BRDA:102,101,0,4
BRDA:102,101,1,5
BRDA:103,128,0,2
BRDA:103,128,1,5
FN:108,System.Boolean BTModMerger.Core.Differ::ProcessRootElement(System.Xml.Linq.XElement,System.Xml.Linq.XElement,System.Xml.Linq.XElement,System.Boolean,System.String)
FNDA:7,System.Boolean BTModMerger.Core.Differ::ProcessRootElement(System.Xml.Linq.XElement,System.Xml.Linq.XElement,System.Xml.Linq.XElement,System.Boolean,System.String)
DA:109,7
DA:111,7
DA:114,7
DA:117,7
DA:118,7
DA:119,7
DA:120,7
DA:121,7
DA:122,7
DA:123,7
DA:124,1
DA:125,1
DA:126,2
DA:127,1
DA:128,7
DA:129,1
DA:130,7
DA:131,1
DA:132,0
DA:133,7
DA:134,1
DA:135,7
DA:136,7
DA:137,7
DA:138,7
DA:139,7
DA:140,7
DA:141,11
DA:142,7
DA:143,7
DA:146,7
DA:150,7
DA:152,0
DA:153,0
DA:154,0
DA:156,0
DA:158,0
DA:161,7
DA:163,22
DA:165,4
DA:167,4
DA:169,2
DA:171,1
DA:172,1
DA:174,2
DA:175,2
DA:176,2
DA:179,2
DA:182,16
DA:184,1
DA:185,1
DA:188,7
DA:189,5
DA:191,2
DA:193,12
DA:195,4
DA:198,4
DA:201,4
DA:202,4
DA:205,12
DA:206,4
DA:208,2
BRDA:150,93,0,2
BRDA:150,113,0,2
BRDA:150,113,1,0
BRDA:150,129,0,0
BRDA:150,148,0,0
BRDA:150,93,1,7
BRDA:150,129,1,7
BRDA:150,148,1,7
BRDA:163,383,1,4
BRDA:167,302,0,2
BRDA:167,302,1,4
BRDA:167,306,0,4
BRDA:167,306,1,2
BRDA:167,310,0,2
BRDA:169,322,0,1
BRDA:169,322,1,2
BRDA:167,310,1,2
BRDA:163,383,0,7
BRDA:182,466,1,1
BRDA:182,466,0,7
BRDA:188,486,0,3
BRDA:188,486,1,5
BRDA:188,504,0,5
BRDA:188,504,1,2
BRDA:193,614,1,4
BRDA:198,559,0,4
BRDA:198,559,1,6
BRDA:193,614,0,2
BRDA:205,670,1,4
BRDA:205,670,0,2
BRDA:122,58,0,1
BRDA:126,160,0,1
BRDA:126,160,1,2
BRDA:127,198,0,0
BRDA:127,198,1,1
BRDA:131,236,0,0
BRDA:131,236,1,1
BRDA:122,58,1,7
BRDA:137,373,0,7
BRDA:137,373,1,0
BRDA:126,12,0,1
BRDA:126,12,1,0
BRDA:126,37,0,0
BRDA:126,37,1,0
FN:212,System.Boolean BTModMerger.Core.Differ::ProcessOverridden(System.Xml.Linq.XElement,System.Xml.Linq.XElement,System.Xml.Linq.XElement,System.String,System.String)
FNDA:5,System.Boolean BTModMerger.Core.Differ::ProcessOverridden(System.Xml.Linq.XElement,System.Xml.Linq.XElement,System.Xml.Linq.XElement,System.String,System.String)
DA:213,5
DA:215,5
DA:217,5
DA:218,5
DA:220,26
DA:222,8
DA:224,3
DA:225,3
DA:228,5
DA:230,5
DA:232,2
DA:233,2
DA:236,3
DA:239,28
DA:241,9
DA:243,5
DA:244,5
DA:247,4
DA:250,4
DA:253,1
DA:254,1
DA:257,12
DA:259,4
DA:260,6
DA:261,1
DA:263,8
DA:265,9
DA:266,3
DA:268,3
DA:271,2
DA:272,1
DA:274,1
DA:276,2
DA:279,8
DA:281,9
DA:282,3
DA:284,3
DA:287,1
DA:288,0
DA:290,1
DA:292,1
DA:296,16
DA:297,3
DA:299,5
BRDA:220,180,1,8
BRDA:222,65,0,3
BRDA:222,65,1,5
BRDA:230,115,0,2
BRDA:230,115,1,3
BRDA:220,180,0,5
BRDA:239,319,1,9
BRDA:241,232,0,5
BRDA:241,232,1,4
BRDA:250,270,0,1
BRDA:250,270,1,14
BRDA:239,319,0,5
BRDA:257,815,1,1
BRDA:263,614,1,3
BRDA:268,551,0,2
BRDA:271,556,0,1
BRDA:271,556,1,1
BRDA:268,551,1,4
BRDA:263,614,0,1
BRDA:279,787,1,3
BRDA:284,724,0,1
BRDA:287,729,0,0
BRDA:287,729,1,1
BRDA:284,724,1,4
BRDA:279,787,0,1
BRDA:257,815,0,5
BRDA:296,870,1,3
BRDA:296,870,0,5
FN:303,System.Void BTModMerger.Core.Differ::ProcessOverriddenAttributes(System.Xml.Linq.XElement,System.Xml.Linq.XElement,System.Xml.Linq.XElement,System.String,System.Boolean&)
FNDA:5,System.Void BTModMerger.Core.Differ::ProcessOverriddenAttributes(System.Xml.Linq.XElement,System.Xml.Linq.XElement,System.Xml.Linq.XElement,System.String,System.Boolean&)
DA:304,5
DA:331,20
DA:333,5
DA:334,5
DA:335,5
DA:337,5
DA:340,3
DA:341,0
DA:343,3
DA:344,3
DA:347,18
DA:349,4
DA:351,4
DA:354,4
DA:357,4
DA:360,1
DA:361,1
DA:363,5
BRDA:331,233,1,5
BRDA:337,81,0,3
BRDA:340,113,0,0
BRDA:340,113,1,3
BRDA:337,81,1,10
BRDA:331,233,0,5
BRDA:347,348,1,4
BRDA:351,293,0,4
BRDA:357,303,0,1
BRDA:351,293,1,9
BRDA:357,303,1,9
BRDA:347,348,0,5
FN:11,System.Void BTModMerger.Core.Differ::.ctor(Microsoft.Extensions.Logging.ILogger`1<BTModMerger.Core.Differ>,BTModMerger.Core.BTMetadata)
FNDA:9,System.Void BTModMerger.Core.Differ::.ctor(Microsoft.Extensions.Logging.ILogger`1<BTModMerger.Core.Differ>,BTModMerger.Core.BTMetadata)
DA:12,9
DA:13,9
DA:14,9
DA:15,9
FN:307,System.Xml.Linq.XElement BTModMerger.Core.Differ/<>c__DisplayClass10_0::<ProcessOverriddenAttributes>g__GetUpdateAttributes|0()
FNDA:7,System.Xml.Linq.XElement BTModMerger.Core.Differ/<>c__DisplayClass10_0::<ProcessOverriddenAttributes>g__GetUpdateAttributes|0()
DA:308,7
DA:309,5
DA:311,2
DA:312,0
DA:313,2
DA:314,2
DA:316,2
DA:317,0
DA:319,2
DA:321,0
DA:322,0
DA:325,2
DA:326,2
DA:327,2
DA:328,2
BRDA:308,6,0,5
BRDA:308,6,1,2
BRDA:316,64,0,0
BRDA:316,64,1,2
BRDA:319,79,0,0
BRDA:319,79,1,2
LF:193
LH:175
BRF:144
BRH:119
FNF:10
FNH:10
end_of_record
SF:C:\git\BTModMerger\BTModMerger.Core\Fuser.cs
FN:16,System.Void BTModMerger.Core.Fuser::Apply(System.Xml.Linq.XElement,System.Xml.Linq.XElement,System.String,System.String)
FNDA:7,System.Void BTModMerger.Core.Fuser::Apply(System.Xml.Linq.XElement,System.Xml.Linq.XElement,System.String,System.String)
DA:17,7
DA:19,7
DA:21,6
DA:22,2
DA:23,1
DA:26,6
DA:27,4
DA:29,2
DA:30,2
DA:31,2
DA:32,2
DA:33,2
DA:36,4
DA:38,2
DA:39,2
DA:41,2
DA:42,1
DA:44,6
DA:45,2
DA:47,1
DA:50,2
DA:51,2
BRDA:19,29,0,6
BRDA:19,29,1,1
BRDA:19,47,0,1
BRDA:21,87,1,2
BRDA:21,87,0,1
BRDA:19,47,1,6
BRDA:26,118,0,4
BRDA:27,152,0,2
BRDA:30,172,0,2
BRDA:30,172,1,2
BRDA:26,118,1,4
BRDA:27,152,1,4
BRDA:36,227,0,2
BRDA:41,250,0,1
BRDA:41,250,1,1
BRDA:44,302,1,2
BRDA:44,302,0,1
BRDA:36,227,1,2
FN:9,System.Void BTModMerger.Core.Fuser::.ctor(BTModMerger.Core.BTMetadata)
FNDA:3,System.Void BTModMerger.Core.Fuser::.ctor(BTModMerger.Core.BTMetadata)
DA:10,3
DA:11,3
DA:12,3
LF:25
LH:25
BRF:18
BRH:18
FNF:2
FNH:2
end_of_record
SF:C:\git\BTModMerger\BTModMerger.Core\Linearizer.cs
FN:11,System.Xml.Linq.XDocument BTModMerger.Core.Linearizer::Apply(System.Xml.Linq.XDocument,System.String)
FNDA:4,System.Xml.Linq.XDocument BTModMerger.Core.Linearizer::Apply(System.Xml.Linq.XDocument,System.String)
DA:12,4
DA:13,4
DA:14,3
FN:18,System.Void BTModMerger.Core.Linearizer::Linearize(System.Xml.Linq.XElement,System.Xml.Linq.XElement,System.String,System.String)
FNDA:14,System.Void BTModMerger.Core.Linearizer::Linearize(System.Xml.Linq.XElement,System.Xml.Linq.XElement,System.String,System.String)
DA:19,14
DA:21,19
DA:22,6
DA:23,3
DA:26,10
DA:28,3
DA:30,3
DA:31,1
DA:33,2
DA:35,12
DA:36,4
DA:38,2
DA:40,12
DA:42,4
DA:45,2
DA:46,2
DA:47,2
DA:49,2
DA:51,1
DA:52,1
DA:53,1
DA:56,2
DA:59,2
DA:62,7
DA:64,7
DA:66,3
DA:67,3
DA:69,3
DA:72,7
DA:73,7
BRDA:19,29,0,4
BRDA:21,84,1,6
BRDA:21,84,0,3
BRDA:19,29,1,10
BRDA:26,115,0,3
BRDA:30,135,0,1
BRDA:30,135,1,2
BRDA:35,313,1,4
BRDA:35,313,0,2
BRDA:40,489,1,4
BRDA:42,374,0,2
BRDA:45,378,0,2
BRDA:45,398,0,2
BRDA:45,398,1,2
BRDA:45,378,1,2
BRDA:49,438,0,1
BRDA:49,438,1,2
BRDA:42,374,1,6
BRDA:40,489,0,2
BRDA:26,115,1,7
BRDA:64,528,0,3
BRDA:67,540,0,2
BRDA:67,540,1,1
BRDA:64,528,1,7
LF:33
LH:33
BRF:24
BRH:24
FNF:2
FNH:2
end_of_record
SF:C:\git\BTModMerger\BTModMerger.Core\Simplifier.cs
FN:19,System.Xml.Linq.XDocument BTModMerger.Core.Simplifier::Apply(System.Xml.Linq.XDocument,System.String,BTModMerger.Core.Interfaces.ISimplifier/Options&,System.Xml.Linq.XElement)
FNDA:25,System.Xml.Linq.XDocument BTModMerger.Core.Simplifier::Apply(System.Xml.Linq.XDocument,System.String,BTModMerger.Core.Interfaces.ISimplifier/Options&,System.Xml.Linq.XElement)
DA:20,25
DA:21,25
DA:22,25
DA:23,22
FN:27,System.Void BTModMerger.Core.Simplifier::Simplify(System.Xml.Linq.XElement,System.String,BTModMerger.Core.Interfaces.ISimplifier/Options&,System.Xml.Linq.XElement)
FNDA:199,System.Void BTModMerger.Core.Simplifier::Simplify(System.Xml.Linq.XElement,System.String,BTModMerger.Core.Interfaces.ISimplifier/Options&,System.Xml.Linq.XElement)
DA:28,199
DA:30,199
DA:32,95
DA:34,24
DA:36,24
DA:38,22
DA:41,174
DA:43,72
DA:47,264
DA:49,48
DA:51,48
DA:54,447
DA:56,141
DA:58,102
DA:61,81
DA:63,81
DA:64,81
DA:65,81
DA:68,24
DA:69,24
DA:70,24
DA:71,24
DA:72,24
DA:73,24
DA:75,24
DA:79,69
DA:81,57
DA:83,12
DA:85,12
DA:87,12
DA:88,0
DA:89,12
DA:91,12
DA:93,12
DA:94,12
DA:97,0
DA:100,0
DA:103,45
DA:107,114
DA:109,48
DA:110,48
DA:112,48
DA:113,78
DA:114,48
DA:116,129
DA:118,18
DA:119,15
DA:122,45
DA:125,66
DA:127,9
DA:128,9
DA:130,0
DA:131,0
DA:134,9
DA:135,9
DA:136,9
DA:137,9
DA:139,18
DA:140,0
DA:142,9
DA:145,57
DA:147,9
DA:148,9
DA:150,9
DA:151,54
DA:152,9
DA:153,9
DA:154,9
DA:157,18
DA:158,9
DA:159,0
DA:161,9
DA:163,36
DA:164,9
DA:165,0
DA:167,9
DA:170,48
DA:173,16
DA:174,9
DA:175,9
DA:177,16
DA:178,3
DA:183,39
BRDA:30,60,0,25
BRDA:32,114,1,24
BRDA:34,93,0,24
BRDA:34,93,1,21
BRDA:32,114,0,22
BRDA:30,60,1,174
BRDA:41,138,0,72
BRDA:75,493,1,84
BRDA:47,228,1,48
BRDA:49,206,0,48
BRDA:49,206,1,48
BRDA:47,228,0,84
BRDA:54,304,1,141
BRDA:56,263,0,126
BRDA:56,282,0,102
BRDA:56,263,1,138
BRDA:56,282,1,138
BRDA:54,304,0,81
BRDA:63,335,0,54
BRDA:63,359,0,42
BRDA:63,359,1,24
BRDA:63,380,0,24
BRDA:63,335,1,69
BRDA:63,380,1,69
BRDA:75,493,0,69
BRDA:79,519,0,57
BRDA:81,535,0,12
BRDA:83,548,0,12
BRDA:91,598,0,12
BRDA:91,598,1,0
BRDA:83,548,1,0
BRDA:81,535,1,45
BRDA:41,138,1,114
BRDA:79,519,1,114
BRDA:107,673,0,48
BRDA:116,821,1,18
BRDA:116,821,0,45
BRDA:107,673,1,66
BRDA:125,845,0,9
BRDA:128,896,0,0
BRDA:128,896,1,9
BRDA:139,996,1,0
BRDA:139,996,0,9
BRDA:125,845,1,57
BRDA:145,1025,0,9
BRDA:158,1235,0,0
BRDA:158,1235,1,9
BRDA:161,1291,0,9
BRDA:161,1291,1,0
BRDA:163,1342,1,9
BRDA:164,1325,0,0
BRDA:164,1325,1,9
BRDA:163,1342,0,9
BRDA:145,1025,1,48
BRDA:170,1355,0,0
BRDA:170,1355,2,16
BRDA:173,1399,0,9
BRDA:170,1355,3,16
BRDA:177,1465,0,3
BRDA:170,1355,1,39
BRDA:173,1399,1,39
BRDA:177,1465,1,39
BRDA:113,12,0,30
BRDA:113,12,1,48
BRDA:136,12,0,0
BRDA:136,12,1,9
FN:186,System.Xml.Linq.XElement BTModMerger.Core.Simplifier::NormalizeContent(System.Xml.Linq.XElement)
FNDA:18,System.Xml.Linq.XElement BTModMerger.Core.Simplifier::NormalizeContent(System.Xml.Linq.XElement)
DA:187,18
DA:188,18
DA:189,18
DA:190,18
DA:191,18
BRDA:189,40,0,18
BRDA:189,40,1,0
BRDA:190,62,0,18
BRDA:190,62,1,0
FN:195,System.Void BTModMerger.Core.Simplifier::CopyAttributes(System.Xml.Linq.XElement,System.Xml.Linq.XElement,System.String,BTModMerger.Core.ConflictHandlingPolicy,System.Xml.Linq.XElement)
FNDA:18,System.Void BTModMerger.Core.Simplifier::CopyAttributes(System.Xml.Linq.XElement,System.Xml.Linq.XElement,System.String,BTModMerger.Core.ConflictHandlingPolicy,System.Xml.Linq.XElement)
DA:196,18
DA:198,105
DA:200,36
DA:224,18
DA:225,18
DA:226,15
DA:227,15
DA:229,15
DA:232,15
DA:234,3
DA:235,18
DA:237,6
DA:238,6
DA:239,6
DA:240,6
DA:242,6
DA:243,6
DA:245,3
DA:247,3
DA:249,3
DA:250,0
DA:251,3
DA:253,3
DA:255,3
DA:256,3
DA:257,3
DA:260,12
DA:261,3
DA:264,15
DA:265,15
BRDA:198,249,1,36
BRDA:200,88,0,18
BRDA:226,158,0,6
BRDA:226,158,1,9
BRDA:200,88,1,51
BRDA:198,249,0,15
BRDA:232,268,0,3
BRDA:232,285,0,3
BRDA:235,399,1,6
BRDA:239,323,0,6
BRDA:240,327,0,6
BRDA:240,327,1,0
BRDA:239,323,1,6
BRDA:242,358,0,6
BRDA:242,358,1,6
BRDA:235,380,0,9
BRDA:235,380,1,3
BRDA:235,399,0,3
BRDA:253,463,0,3
BRDA:253,463,1,3
BRDA:260,552,1,3
BRDA:260,552,0,3
BRDA:232,268,1,15
BRDA:232,285,1,15
FN:206,System.Void BTModMerger.Core.Simplifier::<CopyAttributes>g__HandleConflict|5_0(BTModMerger.Core.Simplifier/<>c__DisplayClass5_0&,BTModMerger.Core.Simplifier/<>c__DisplayClass5_1&,BTModMerger.Core.Simplifier/<>c__DisplayClass5_2&)
FNDA:33,System.Void BTModMerger.Core.Simplifier::<CopyAttributes>g__HandleConflict|5_0(BTModMerger.Core.Simplifier/<>c__DisplayClass5_0&,BTModMerger.Core.Simplifier/<>c__DisplayClass5_1&,BTModMerger.Core.Simplifier/<>c__DisplayClass5_2&)
DA:207,33
DA:211,3
DA:212,3
DA:213,3
DA:214,3
DA:215,3
DA:216,3
DA:217,3
DA:218,3
DA:220,3
DA:222,27
BRDA:207,6,0,6
BRDA:207,19,0,3
BRDA:207,23,0,0
BRDA:207,19,1,3
BRDA:207,23,1,3
BRDA:207,6,1,27
FN:11,System.Void BTModMerger.Core.Simplifier::.ctor(Microsoft.Extensions.Logging.ILogger`1<BTModMerger.Core.Simplifier>,BTModMerger.Core.BTMetadata)
FNDA:25,System.Void BTModMerger.Core.Simplifier::.ctor(Microsoft.Extensions.Logging.ILogger`1<BTModMerger.Core.Simplifier>,BTModMerger.Core.BTMetadata)
DA:12,25
DA:13,25
DA:14,25
DA:15,25
LF:137
LH:128
BRF:100
BRH:87
FNF:6
FNH:6
end_of_record
SF:C:\git\BTModMerger\BTModMerger.Core\ToolBase.cs
FN:14,System.ValueTuple`2<System.Int32,System.Int32> BTModMerger.Core.ToolBase::FindSubscript(System.String,System.String)
FNDA:82,System.ValueTuple`2<System.Int32,System.Int32> BTModMerger.Core.ToolBase::FindSubscript(System.String,System.String)
DA:15,82
DA:16,143
DA:17,21
DA:19,22
DA:21,20
DA:22,23
DA:24,5
DA:25,2
DA:27,3
DA:28,3
DA:31,18
DA:32,1
DA:34,17
BRDA:16,11,0,61
BRDA:16,11,1,21
BRDA:19,49,0,1
BRDA:19,49,1,20
BRDA:21,71,0,18
BRDA:21,71,1,2
BRDA:22,148,1,5
BRDA:24,89,0,2
BRDA:24,89,1,3
BRDA:28,138,0,2
BRDA:28,138,1,1
BRDA:22,148,0,18
BRDA:31,154,0,1
BRDA:31,154,1,17
FN:38,System.String BTModMerger.Core.ToolBase::ExtractSubscript(System.String&,System.String)
FNDA:74,System.String BTModMerger.Core.ToolBase::ExtractSubscript(System.String&,System.String)
DA:39,74
DA:40,74
DA:41,60
DA:42,14
DA:43,14
DA:44,14
BRDA:40,23,0,60
BRDA:40,23,1,14
FN:48,System.ValueTuple`2<System.String,System.Int32> BTModMerger.Core.ToolBase::ParseSubscript(System.String)
FNDA:148,System.ValueTuple`2<System.String,System.Int32> BTModMerger.Core.ToolBase::ParseSubscript(System.String)
DA:49,148
DA:50,116
DA:52,32
DA:54,28
DA:55,28
DA:58,4
BRDA:49,1,0,116
BRDA:49,1,1,32
BRDA:52,20,0,28
BRDA:52,20,1,4
FN:62,System.Collections.Generic.IEnumerable`1<System.Xml.Linq.XElement> BTModMerger.Core.ToolBase::FilterBySubscript(System.Collections.Generic.IEnumerable`1<System.Xml.Linq.XElement>,System.String,System.String,BTModMerger.Core.BTMetadata)
FNDA:144,System.Collections.Generic.IEnumerable`1<System.Xml.Linq.XElement> BTModMerger.Core.ToolBase::FilterBySubscript(System.Collections.Generic.IEnumerable`1<System.Xml.Linq.XElement>,System.String,System.String,BTModMerger.Core.BTMetadata)
DA:63,144
DA:65,144
DA:66,58
DA:67,117
DA:68,2
DA:69,115
BRDA:65,45,0,27
BRDA:65,45,1,117
BRDA:67,68,0,2
BRDA:67,68,1,115
FN:73,System.ValueTuple`2<System.String,System.String> BTModMerger.Core.ToolBase::ExtractSubscripts(System.String&,System.String)
FNDA:37,System.ValueTuple`2<System.String,System.String> BTModMerger.Core.ToolBase::ExtractSubscripts(System.String&,System.String)
DA:74,37
DA:75,37
DA:76,37
DA:77,37
FN:81,System.Collections.Generic.IEnumerable`1<System.Xml.Linq.XElement> BTModMerger.Core.ToolBase::FilterBySubscripts(System.Collections.Generic.IEnumerable`1<System.Xml.Linq.XElement>,System.ValueTuple`2<System.String,System.String>,System.String,BTModMerger.Core.BTMetadata)
FNDA:72,System.Collections.Generic.IEnumerable`1<System.Xml.Linq.XElement> BTModMerger.Core.ToolBase::FilterBySubscripts(System.Collections.Generic.IEnumerable`1<System.Xml.Linq.XElement>,System.ValueTuple`2<System.String,System.String>,System.String,BTModMerger.Core.BTMetadata)
DA:82,72
DA:83,72
DA:84,72
FN:87,System.String[] BTModMerger.Core.ToolBase::SplitPath(System.String)
FNDA:19,System.String[] BTModMerger.Core.ToolBase::SplitPath(System.String)
DA:88,19
FN:91,System.String BTModMerger.Core.ToolBase::Fancify(System.Xml.Linq.XName)
FNDA:364,System.String BTModMerger.Core.ToolBase::Fancify(System.Xml.Linq.XName)
DA:92,364
DA:93,364
DA:94,364
BRDA:92,18,0,160
BRDA:92,18,1,204
FN:97,System.String BTModMerger.Core.ToolBase::CombineBTMMPaths(System.String[])
FNDA:904,System.String BTModMerger.Core.ToolBase::CombineBTMMPaths(System.String[])
DA:98,904
FN:100,System.String BTModMerger.Core.ToolBase::CombineBTMMPaths(System.String,System.Xml.Linq.XName)
FNDA:231,System.String BTModMerger.Core.ToolBase::CombineBTMMPaths(System.String,System.Xml.Linq.XName)
DA:101,231
LF:44
LH:44
BRF:26
BRH:26
FNF:10
FNH:10
end_of_record
SF:C:\git\BTModMerger\BTModMerger.Core\XElementComparator.cs
FN:15,System.Collections.Generic.List`1<System.ValueTuple`2<System.Xml.Linq.XElement,System.Int32>> BTModMerger.Core.XElementComparator::Deduplicate(System.Collections.Generic.IEnumerable`1<System.Xml.Linq.XElement>)
FNDA:14,System.Collections.Generic.List`1<System.ValueTuple`2<System.Xml.Linq.XElement,System.Int32>> BTModMerger.Core.XElementComparator::Deduplicate(System.Collections.Generic.IEnumerable`1<System.Xml.Linq.XElement>)
DA:16,14
FN:19,System.Collections.Generic.List`1<System.ValueTuple`2<System.Xml.Linq.XElement,System.Int32>> BTModMerger.Core.XElementComparator::Deduplicate(System.Collections.Generic.IEnumerable`1<System.ValueTuple`2<System.Xml.Linq.XElement,System.Int32>>)
FNDA:4,System.Collections.Generic.List`1<System.ValueTuple`2<System.Xml.Linq.XElement,System.Int32>> BTModMerger.Core.XElementComparator::Deduplicate(System.Collections.Generic.IEnumerable`1<System.ValueTuple`2<System.Xml.Linq.XElement,System.Int32>>)
DA:20,4
DA:21,4
DA:23,28
DA:25,10
DA:27,48
DA:28,14
DA:30,4
DA:31,4
DA:32,4
DA:35,10
DA:38,4
BRDA:23,150,1,10
BRDA:27,113,1,14
BRDA:28,67,0,4
BRDA:28,67,1,14
BRDA:27,113,0,10
BRDA:23,150,0,4
FN:42,System.Collections.Generic.List`1<System.ValueTuple`4<System.Xml.Linq.XElement,System.Xml.Linq.XContainer,System.Int32,System.Xml.Linq.XElement>> BTModMerger.Core.XElementComparator::Deduplicate(System.Collections.Generic.IEnumerable`1<System.ValueTuple`4<System.Xml.Linq.XElement,System.Xml.Linq.XContainer,System.Int32,System.Xml.Linq.XElement>>)
FNDA:5,System.Collections.Generic.List`1<System.ValueTuple`4<System.Xml.Linq.XElement,System.Xml.Linq.XContainer,System.Int32,System.Xml.Linq.XElement>> BTModMerger.Core.XElementComparator::Deduplicate(System.Collections.Generic.IEnumerable`1<System.ValueTuple`4<System.Xml.Linq.XElement,System.Xml.Linq.XContainer,System.Int32,System.Xml.Linq.XElement>>)
DA:43,5
DA:44,5
DA:46,28
DA:48,9
DA:50,38
DA:51,10
DA:52,10
DA:53,10
DA:55,1
DA:56,1
DA:57,1
DA:60,9
DA:63,5
BRDA:46,252,1,9
BRDA:50,188,1,10
BRDA:51,68,0,5
BRDA:51,110,0,5
BRDA:51,142,0,1
BRDA:51,68,1,10
BRDA:51,110,1,10
BRDA:51,142,1,10
BRDA:50,188,0,9
BRDA:46,252,0,5
FN:67,System.Collections.Generic.IEnumerable`1<System.Xml.Linq.XAttribute> BTModMerger.Core.XElementComparator::NormalizeAttributes(System.Xml.Linq.XElement)
FNDA:96,System.Collections.Generic.IEnumerable`1<System.Xml.Linq.XAttribute> BTModMerger.Core.XElementComparator::NormalizeAttributes(System.Xml.Linq.XElement)
DA:68,96
DA:69,56
DA:70,56
DA:71,56
DA:72,55
DA:73,55
DA:74,96
DA:75,96
DA:76,96
DA:77,96
DA:78,55
DA:79,96
DA:80,96
DA:81,96
DA:82,96
DA:83,96
DA:84,96
DA:85,96
DA:86,96
DA:87,96
DA:88,96
DA:89,96
DA:90,96
DA:91,96
DA:92,96
BRDA:69,6,0,55
BRDA:69,24,0,55
BRDA:69,6,1,1
BRDA:69,24,1,1
FN:96,System.Xml.Linq.XNode BTModMerger.Core.XElementComparator::NormalizeNode(System.Xml.Linq.XNode)
FNDA:50,System.Xml.Linq.XNode BTModMerger.Core.XElementComparator::NormalizeNode(System.Xml.Linq.XNode)
DA:97,50
DA:98,50
DA:99,50
DA:100,1
DA:101,48
DA:102,50
DA:103,1
DA:104,50
BRDA:97,6,0,49
BRDA:97,14,0,49
BRDA:97,6,1,1
BRDA:97,14,1,1
BRDA:97,24,1,48
BRDA:97,24,0,1
FN:138,System.Xml.Linq.XElement BTModMerger.Core.XElementComparator::NormalizeElement(System.Xml.Linq.XElement)
FNDA:94,System.Xml.Linq.XElement BTModMerger.Core.XElementComparator::NormalizeElement(System.Xml.Linq.XElement)
DA:139,94
DA:140,94
DA:141,50
DA:142,94
FN:9,System.Void BTModMerger.Core.XElementComparator/Xsi::.cctor()
FNDA:1,System.Void BTModMerger.Core.XElementComparator/Xsi::.cctor()
DA:10,1
DA:12,1
DA:13,1
LF:65
LH:65
BRF:26
BRH:26
FNF:7
FNH:7
end_of_record
SF:C:\git\BTModMerger\BTModMerger.Core\XElementExtensions.cs
FN:8,System.Boolean BTModMerger.Core.XElementExtensions::IsBTOverride(System.Xml.Linq.XElement)
FNDA:43,System.Boolean BTModMerger.Core.XElementExtensions::IsBTOverride(System.Xml.Linq.XElement)
DA:9,43
BRDA:9,21,0,42
BRDA:9,21,1,1
FN:10,System.Int32 BTModMerger.Core.XElementExtensions::GetBTMMAmount(System.Xml.Linq.XElement)
FNDA:22,System.Int32 BTModMerger.Core.XElementExtensions::GetBTMMAmount(System.Xml.Linq.XElement)
DA:11,22
BRDA:11,12,0,19
BRDA:11,12,1,3
BRDA:11,24,0,19
BRDA:11,24,1,22
FN:11,System.String BTModMerger.Core.XElementExtensions::GetBTMMPath(System.Xml.Linq.XElement)
FNDA:285,System.String BTModMerger.Core.XElementExtensions::GetBTMMPath(System.Xml.Linq.XElement)
DA:12,285
BRDA:12,12,0,45
BRDA:12,12,1,240
FN:13,System.String BTModMerger.Core.XElementExtensions::GetBTIdentifier(System.Xml.Linq.XElement,BTModMerger.Core.BTMetadata)
FNDA:79,System.String BTModMerger.Core.XElementExtensions::GetBTIdentifier(System.Xml.Linq.XElement,BTModMerger.Core.BTMetadata)
DA:14,79
FN:16,System.String BTModMerger.Core.XElementExtensions::GetBTAttributeCIS(System.Xml.Linq.XElement,System.Xml.Linq.XName)
FNDA:256,System.String BTModMerger.Core.XElementExtensions::GetBTAttributeCIS(System.Xml.Linq.XElement,System.Xml.Linq.XName)
DA:17,256
BRDA:17,37,0,173
BRDA:17,37,1,83
FN:19,System.Xml.Linq.XAttribute BTModMerger.Core.XElementExtensions::FindBTAttributeCIS(System.Xml.Linq.XElement,System.Xml.Linq.XName)
FNDA:32,System.Xml.Linq.XAttribute BTModMerger.Core.XElementExtensions::FindBTAttributeCIS(System.Xml.Linq.XElement,System.Xml.Linq.XName)
DA:20,32
BRDA:20,27,0,19
BRDA:20,27,1,1
FN:22,System.Boolean BTModMerger.Core.XElementExtensions::CompareCIS(System.String,System.String)
FNDA:191,System.Boolean BTModMerger.Core.XElementExtensions::CompareCIS(System.String,System.String)
DA:23,191
FN:25,System.Collections.Generic.IEnumerable`1<System.Xml.Linq.XElement> BTModMerger.Core.XElementExtensions::ElementsCIS(System.Xml.Linq.XContainer,System.String)
FNDA:94,System.Collections.Generic.IEnumerable`1<System.Xml.Linq.XElement> BTModMerger.Core.XElementExtensions::ElementsCIS(System.Xml.Linq.XContainer,System.String)
DA:26,94
BRDA:26,21,0,59
BRDA:26,21,1,0
FN:28,System.Boolean BTModMerger.Core.XElementExtensions::IsTricky(System.Xml.Linq.XElement,BTModMerger.Core.BTMetadata)
FNDA:37,System.Boolean BTModMerger.Core.XElementExtensions::IsTricky(System.Xml.Linq.XElement,BTModMerger.Core.BTMetadata)
DA:29,37
FN:31,System.Boolean BTModMerger.Core.XElementExtensions::IsIndexed(System.Xml.Linq.XElement,BTModMerger.Core.BTMetadata)
FNDA:20,System.Boolean BTModMerger.Core.XElementExtensions::IsIndexed(System.Xml.Linq.XElement,BTModMerger.Core.BTMetadata)
DA:32,20
DA:33,20
BRDA:32,27,0,19
BRDA:32,27,1,1
FN:36,System.Void BTModMerger.Core.XElementExtensions::SetAttributeCIS(System.Xml.Linq.XElement,System.String,System.Object)
FNDA:6,System.Void BTModMerger.Core.XElementExtensions::SetAttributeCIS(System.Xml.Linq.XElement,System.String,System.Object)
DA:37,6
DA:39,6
DA:41,2
DA:42,2
DA:45,4
DA:46,4
BRDA:39,14,0,2
BRDA:39,14,1,4
FN:49,System.Void BTModMerger.Core.XElementExtensions::SetAttributeSorting(System.Xml.Linq.XElement,System.Xml.Linq.XName,System.Object)
FNDA:37,System.Void BTModMerger.Core.XElementExtensions::SetAttributeSorting(System.Xml.Linq.XElement,System.Xml.Linq.XName,System.Object)
DA:50,37
DA:51,37
DA:52,37
FN:55,System.Void BTModMerger.Core.XElementExtensions::SortAttributes(System.Xml.Linq.XElement)
FNDA:52,System.Void BTModMerger.Core.XElementExtensions::SortAttributes(System.Xml.Linq.XElement)
DA:56,52
DA:58,263
DA:59,163
DA:61,52
DA:62,304
DA:63,100
DA:64,126
DA:65,11
DA:66,52
BRDA:62,177,1,100
BRDA:62,177,0,52
BRDA:64,218,1,11
BRDA:64,218,0,52
LF:29
LH:29
BRF:22
BRH:21
FNF:13
FNH:13
end_of_record
SF:C:\git\BTModMerger\BTModMerger.Core\Interfaces\IFileIO.cs
FN:15,System.Xml.XmlReader BTModMerger.Core.Interfaces.IFileIO::OpenStandardInput()
FNDA:0,System.Xml.XmlReader BTModMerger.Core.Interfaces.IFileIO::OpenStandardInput()
DA:16,0
DA:17,0
DA:18,0
DA:19,0
FN:20,System.Xml.XmlReader BTModMerger.Core.Interfaces.IFileIO::OpenRead(System.String)
FNDA:0,System.Xml.XmlReader BTModMerger.Core.Interfaces.IFileIO::OpenRead(System.String)
DA:21,0
DA:22,0
DA:23,0
DA:24,0
FN:25,System.Xml.XmlWriter BTModMerger.Core.Interfaces.IFileIO::OpenStandardOutput()
FNDA:0,System.Xml.XmlWriter BTModMerger.Core.Interfaces.IFileIO::OpenStandardOutput()
DA:26,0
DA:27,0
DA:28,0
DA:29,0
DA:30,0
DA:31,0
FN:32,System.Xml.XmlWriter BTModMerger.Core.Interfaces.IFileIO::OpenWrite(System.String)
FNDA:0,System.Xml.XmlWriter BTModMerger.Core.Interfaces.IFileIO::OpenWrite(System.String)
DA:33,0
DA:34,0
DA:35,0
DA:36,0
DA:37,0
DA:38,0
FN:41,System.Xml.Linq.XDocument BTModMerger.Core.Interfaces.IFileIO::OpenInput(System.String&)
FNDA:0,System.Xml.Linq.XDocument BTModMerger.Core.Interfaces.IFileIO::OpenInput(System.String&)
DA:42,0
DA:43,0
DA:44,0
DA:46,0
DA:47,0
BRDA:42,7,0,0
BRDA:42,7,1,0
BRDA:46,27,0,0
BRDA:46,27,1,0
FN:51,System.Xml.Linq.XDocument BTModMerger.Core.Interfaces.IFileIO::OpenInput(System.String)
FNDA:0,System.Xml.Linq.XDocument BTModMerger.Core.Interfaces.IFileIO::OpenInput(System.String)
DA:52,0
DA:53,0
DA:54,0
FN:57,System.Xml.Linq.XDocument BTModMerger.Core.Interfaces.IFileIO::OpenInput()
FNDA:0,System.Xml.Linq.XDocument BTModMerger.Core.Interfaces.IFileIO::OpenInput()
DA:58,0
DA:59,0
DA:60,0
FN:63,System.Void BTModMerger.Core.Interfaces.IFileIO::SaveResult(System.String,System.Xml.Linq.XDocument)
FNDA:0,System.Void BTModMerger.Core.Interfaces.IFileIO::SaveResult(System.String,System.Xml.Linq.XDocument)
DA:64,0
DA:65,0
DA:67,0
DA:68,0
DA:69,0
DA:71,0
DA:72,0
BRDA:64,1,0,0
BRDA:64,1,1,0
BRDA:64,14,0,0
BRDA:64,14,1,0
BRDA:67,23,0,0
BRDA:67,23,1,0
LF:38
LH:0
BRF:10
BRH:0
FNF:8
FNH:0
end_of_record
SF:C:\git\BTModMerger\BTModMerger.Core\Interfaces\ISimplifier.cs
FN:6,BTModMerger.Core.AddNamespacePolicy BTModMerger.Core.Interfaces.ISimplifier/Options::get_AddNamespacePolicy()
FNDA:141,BTModMerger.Core.AddNamespacePolicy BTModMerger.Core.Interfaces.ISimplifier/Options::get_AddNamespacePolicy()
DA:7,141
LF:1
LH:1
BRF:0
BRH:0
FNF:1
FNH:1
end_of_record